app/build/intermediates/manifest_merge_blame_file/debug/processDebugMainManifest/manifest-merger-blame-debug-report.txt
1<?xml version="1.0" encoding="utf-8"?>
2<manifest xmlns:android="http://schemas.android.com/apk/res/android"
3    package="com.example.byway"
4    android:versionCode="1"
5    android:versionName="1.0" >
6
7    <uses-sdk
8        android:minSdkVersion="24"
9        android:targetSdkVersion="35" />
10
11    <uses-permission android:name="android.permission.ACCESS_COARSE_LOCATION" />
11-->src\main\AndroidManifest.xml:6:5-81
11-->src\main\AndroidManifest.xml:6:22-78
12    <uses-permission android:name="android.permission.ACCESS_FINE_LOCATION" />
12-->src\main\AndroidManifest.xml:7:5-79
12-->src\main\AndroidManifest.xml:7:22-76
13
14    <!-- ✅ 인터넷 권한 -->
15    <uses-permission android:name="android.permission.INTERNET" />
15-->src\main\AndroidManifest.xml:10:5-67
15-->src\main\AndroidManifest.xml:10:22-64
16
17    <uses-feature
17-->[com.naver.maps:map-sdk:3.21.0] AndroidManifest.xml:7:5-9:35
18        android:glEsVersion="0x00020000"
18-->[com.naver.maps:map-sdk:3.21.0] AndroidManifest.xml:8:9-41
19        android:required="true" />
19-->[com.naver.maps:map-sdk:3.21.0] AndroidManifest.xml:9:9-32
20    <uses-feature
20-->[com.naver.maps:map-sdk:3.21.0] AndroidManifest.xml:10:5-12:36
21        android:name="android.hardware.wifi"
21-->[com.naver.maps:map-sdk:3.21.0] AndroidManifest.xml:11:9-45
22        android:required="false" />
22-->[com.naver.maps:map-sdk:3.21.0] AndroidManifest.xml:12:9-33
23
24    <uses-permission android:name="android.permission.ACCESS_NETWORK_STATE" />
24-->[com.naver.maps:map-sdk:3.21.0] AndroidManifest.xml:15:5-79
24-->[com.naver.maps:map-sdk:3.21.0] AndroidManifest.xml:15:22-76
25    <uses-permission android:name="android.permission.ACCESS_WIFI_STATE" />
25-->[com.naver.maps:map-sdk:3.21.0] AndroidManifest.xml:16:5-76
25-->[com.naver.maps:map-sdk:3.21.0] AndroidManifest.xml:16:22-73
26    <uses-permission android:name="com.google.android.providers.gsf.permission.READ_GSERVICES" />
26-->[com.google.android.recaptcha:recaptcha:18.4.0] AndroidManifest.xml:9:5-98
26-->[com.google.android.recaptcha:recaptcha:18.4.0] AndroidManifest.xml:9:22-95
27
28    <queries>
28-->[com.kakao.sdk:v2-common:2.19.0] AndroidManifest.xml:9:5-22:15
29        <package android:name="com.kakao.talk" />
29-->[com.kakao.sdk:v2-common:2.19.0] AndroidManifest.xml:10:9-50
29-->[com.kakao.sdk:v2-common:2.19.0] AndroidManifest.xml:10:18-47
30        <package android:name="com.kakao.talk.alpha" />
30-->[com.kakao.sdk:v2-common:2.19.0] AndroidManifest.xml:11:9-56
30-->[com.kakao.sdk:v2-common:2.19.0] AndroidManifest.xml:11:18-53
31        <package android:name="com.kakao.talk.sandbox" />
31-->[com.kakao.sdk:v2-common:2.19.0] AndroidManifest.xml:12:9-58
31-->[com.kakao.sdk:v2-common:2.19.0] AndroidManifest.xml:12:18-55
32        <package android:name="com.kakao.onetalk" />
32-->[com.kakao.sdk:v2-common:2.19.0] AndroidManifest.xml:13:9-53
32-->[com.kakao.sdk:v2-common:2.19.0] AndroidManifest.xml:13:18-50
33
34        <intent>
34-->[com.kakao.sdk:v2-common:2.19.0] AndroidManifest.xml:15:9-21:18
35            <action android:name="android.intent.action.VIEW" />
35-->src\main\AndroidManifest.xml:53:17-68
35-->src\main\AndroidManifest.xml:53:25-66
36
37            <category android:name="android.intent.category.BROWSABLE" />
37-->src\main\AndroidManifest.xml:55:17-77
37-->src\main\AndroidManifest.xml:55:27-75
38
39            <data android:scheme="https" />
39-->src\main\AndroidManifest.xml:56:17-79
39-->src\main\AndroidManifest.xml:56:23-77
40        </intent>
41    </queries>
42
43    <permission
43-->[androidx.core:core:1.13.0] AndroidManifest.xml:22:5-24:47
44        android:name="com.example.byway.DYNAMIC_RECEIVER_NOT_EXPORTED_PERMISSION"
44-->[androidx.core:core:1.13.0] AndroidManifest.xml:23:9-81
45        android:protectionLevel="signature" />
45-->[androidx.core:core:1.13.0] AndroidManifest.xml:24:9-44
46
47    <uses-permission android:name="com.example.byway.DYNAMIC_RECEIVER_NOT_EXPORTED_PERMISSION" />
47-->[androidx.core:core:1.13.0] AndroidManifest.xml:26:5-97
47-->[androidx.core:core:1.13.0] AndroidManifest.xml:26:22-94
48
49    <application
49-->src\main\AndroidManifest.xml:12:5-83:19
50        android:allowBackup="true"
50-->src\main\AndroidManifest.xml:13:9-35
51        android:appComponentFactory="androidx.core.app.CoreComponentFactory"
51-->[androidx.core:core:1.13.0] AndroidManifest.xml:28:18-86
52        android:dataExtractionRules="@xml/data_extraction_rules"
52-->src\main\AndroidManifest.xml:14:9-65
53        android:debuggable="true"
54        android:extractNativeLibs="false"
55        android:fullBackupContent="@xml/backup_rules"
55-->src\main\AndroidManifest.xml:15:9-54
56        android:icon="@mipmap/ic_launcher"
56-->src\main\AndroidManifest.xml:16:9-43
57        android:label="@string/app_name"
57-->src\main\AndroidManifest.xml:17:9-41
58        android:roundIcon="@mipmap/ic_launcher_round"
58-->src\main\AndroidManifest.xml:18:9-54
59        android:supportsRtl="true"
59-->src\main\AndroidManifest.xml:19:9-35
60        android:testOnly="true"
61        android:theme="@style/Theme.Byway" >
61-->src\main\AndroidManifest.xml:20:9-43
62
63        <!-- 네이버 지도 API -->
64        <meta-data
64-->src\main\AndroidManifest.xml:24:9-26:42
65            android:name="com.naver.maps.map.CLIENT_ID"
65-->src\main\AndroidManifest.xml:25:13-56
66            android:value="8zslpahklt" />
66-->src\main\AndroidManifest.xml:26:13-39
67
68        <!-- 네이버 경로 추천 API인데 등록이 겹침 -->
69        <!-- <meta-data -->
70        <!-- android:name="com.naver.maps.map.CLIENT_ID_PATH" -->
71        <!-- android:value="b8amspex8g" /> -->
72
73
74        <!-- Kakao SDK 앱 키 -->
75        <meta-data
75-->src\main\AndroidManifest.xml:35:9-37:59
76            android:name="com.kakao.sdk.AppKey"
76-->src\main\AndroidManifest.xml:36:13-48
77            android:value="@string/kakao_native_app_key" />
77-->src\main\AndroidManifest.xml:37:13-57
78
79        <activity
79-->src\main\AndroidManifest.xml:39:9-46:20
80            android:name="com.example.byway.SplashActivity"
80-->src\main\AndroidManifest.xml:40:13-43
81            android:exported="true" >
81-->src\main\AndroidManifest.xml:41:13-36
82            <intent-filter>
82-->src\main\AndroidManifest.xml:42:13-45:29
83                <action android:name="android.intent.action.MAIN" />
83-->src\main\AndroidManifest.xml:43:17-69
83-->src\main\AndroidManifest.xml:43:25-66
84
85                <category android:name="android.intent.category.LAUNCHER" />
85-->src\main\AndroidManifest.xml:44:17-77
85-->src\main\AndroidManifest.xml:44:27-74
86            </intent-filter>
87        </activity>
88
89        <!-- Kakao 로그인용 Activity -->
90        <activity
90-->src\main\AndroidManifest.xml:49:9-58:20
91            android:name="com.kakao.sdk.auth.AuthCodeHandlerActivity"
91-->src\main\AndroidManifest.xml:50:13-70
92            android:exported="true"
92-->src\main\AndroidManifest.xml:51:13-36
93            android:launchMode="singleTask"
93-->[com.kakao.sdk:v2-auth:2.19.0] AndroidManifest.xml:18:13-44
94            android:theme="@style/TransparentCompat" >
94-->[com.kakao.sdk:v2-auth:2.19.0] AndroidManifest.xml:19:13-53
95            <intent-filter>
95-->src\main\AndroidManifest.xml:52:13-57:29
96                <action android:name="android.intent.action.VIEW" />
96-->src\main\AndroidManifest.xml:53:17-68
96-->src\main\AndroidManifest.xml:53:25-66
97
98                <category android:name="android.intent.category.DEFAULT" />
98-->src\main\AndroidManifest.xml:54:17-75
98-->src\main\AndroidManifest.xml:54:27-73
99                <category android:name="android.intent.category.BROWSABLE" />
99-->src\main\AndroidManifest.xml:55:17-77
99-->src\main\AndroidManifest.xml:55:27-75
100
101                <data android:scheme="kakaoc652e0a453d542758e0c379495dfc05b" />
101-->src\main\AndroidManifest.xml:56:17-79
101-->src\main\AndroidManifest.xml:56:23-77
102            </intent-filter>
103        </activity>
104
105        <!-- 로그인 화면 -->
106        <activity
106-->src\main\AndroidManifest.xml:61:9-64:50
107            android:name="com.example.byway.LoginActivity"
107-->src\main\AndroidManifest.xml:62:13-42
108            android:exported="true"
108-->src\main\AndroidManifest.xml:63:13-36
109            android:theme="@style/Theme.Byway" />
109-->src\main\AndroidManifest.xml:64:13-47
110
111        <!-- 메인 화면 -->
112        <activity
112-->src\main\AndroidManifest.xml:67:9-69:39
113            android:name="com.example.byway.MainActivity"
113-->src\main\AndroidManifest.xml:68:13-41
114            android:exported="true" />
114-->src\main\AndroidManifest.xml:69:13-36
115        <activity
115-->src\main\AndroidManifest.xml:71:9-73:38
116            android:name="com.example.byway.PhotoSpotActivity"
116-->src\main\AndroidManifest.xml:72:13-46
117            android:exported="true" />
117-->src\main\AndroidManifest.xml:73:13-36
118        <activity
118-->src\main\AndroidManifest.xml:75:9-77:38
119            android:name="com.example.byway.MypageActivity"
119-->src\main\AndroidManifest.xml:76:13-43
120            android:exported="true" />
120-->src\main\AndroidManifest.xml:77:13-36
121        <activity android:name="com.example.byway.SpotActivity" />
121-->src\main\AndroidManifest.xml:79:9-50
121-->src\main\AndroidManifest.xml:79:19-47
122        <activity
122-->[com.naver.maps:map-sdk:3.21.0] AndroidManifest.xml:19:9-23:51
123            android:name="com.naver.maps.map.app.LegendActivity"
123-->[com.naver.maps:map-sdk:3.21.0] AndroidManifest.xml:20:13-65
124            android:configChanges="screenSize|smallestScreenSize|screenLayout|orientation"
124-->[com.naver.maps:map-sdk:3.21.0] AndroidManifest.xml:21:13-91
125            android:label="@string/navermap_legend"
125-->[com.naver.maps:map-sdk:3.21.0] AndroidManifest.xml:22:13-52
126            android:theme="@style/navermap_app" />
126-->[com.naver.maps:map-sdk:3.21.0] AndroidManifest.xml:23:13-48
127        <activity
127-->[com.naver.maps:map-sdk:3.21.0] AndroidManifest.xml:24:9-28:51
128            android:name="com.naver.maps.map.app.LegalNoticeActivity"
128-->[com.naver.maps:map-sdk:3.21.0] AndroidManifest.xml:25:13-70
129            android:configChanges="screenSize|smallestScreenSize|screenLayout|orientation"
129-->[com.naver.maps:map-sdk:3.21.0] AndroidManifest.xml:26:13-91
130            android:label="@string/navermap_legal_notice"
130-->[com.naver.maps:map-sdk:3.21.0] AndroidManifest.xml:27:13-58
131            android:theme="@style/navermap_app" />
131-->[com.naver.maps:map-sdk:3.21.0] AndroidManifest.xml:28:13-48
132        <activity
132-->[com.naver.maps:map-sdk:3.21.0] AndroidManifest.xml:29:9-33:51
133            android:name="com.naver.maps.map.app.OpenSourceLicenseActivity"
133-->[com.naver.maps:map-sdk:3.21.0] AndroidManifest.xml:30:13-76
134            android:configChanges="screenSize|smallestScreenSize|screenLayout|orientation"
134-->[com.naver.maps:map-sdk:3.21.0] AndroidManifest.xml:31:13-91
135            android:label="@string/navermap_open_source_license"
135-->[com.naver.maps:map-sdk:3.21.0] AndroidManifest.xml:32:13-65
136            android:theme="@style/navermap_app" />
136-->[com.naver.maps:map-sdk:3.21.0] AndroidManifest.xml:33:13-48
137        <activity
137-->[com.kakao.sdk:v2-auth:2.19.0] AndroidManifest.xml:10:9-15:56
138            android:name="com.kakao.sdk.auth.TalkAuthCodeActivity"
138-->[com.kakao.sdk:v2-auth:2.19.0] AndroidManifest.xml:11:13-67
139            android:configChanges="orientation|screenSize|keyboardHidden"
139-->[com.kakao.sdk:v2-auth:2.19.0] AndroidManifest.xml:12:13-74
140            android:exported="false"
140-->[com.kakao.sdk:v2-auth:2.19.0] AndroidManifest.xml:13:13-37
141            android:launchMode="singleTask"
141-->[com.kakao.sdk:v2-auth:2.19.0] AndroidManifest.xml:14:13-44
142            android:theme="@style/TransparentCompat" />
142-->[com.kakao.sdk:v2-auth:2.19.0] AndroidManifest.xml:15:13-53
143        <activity
143-->[com.google.android.gms:play-services-auth:21.0.0] AndroidManifest.xml:23:9-27:75
144            android:name="com.google.android.gms.auth.api.signin.internal.SignInHubActivity"
144-->[com.google.android.gms:play-services-auth:21.0.0] AndroidManifest.xml:24:13-93
145            android:excludeFromRecents="true"
145-->[com.google.android.gms:play-services-auth:21.0.0] AndroidManifest.xml:25:13-46
146            android:exported="false"
146-->[com.google.android.gms:play-services-auth:21.0.0] AndroidManifest.xml:26:13-37
147            android:theme="@android:style/Theme.Translucent.NoTitleBar" />
147-->[com.google.android.gms:play-services-auth:21.0.0] AndroidManifest.xml:27:13-72
148        <!--
149            Service handling Google Sign-In user revocation. For apps that do not integrate with
150            Google Sign-In, this service will never be started.
151        -->
152        <service
152-->[com.google.android.gms:play-services-auth:21.0.0] AndroidManifest.xml:33:9-37:51
153            android:name="com.google.android.gms.auth.api.signin.RevocationBoundService"
153-->[com.google.android.gms:play-services-auth:21.0.0] AndroidManifest.xml:34:13-89
154            android:exported="true"
154-->[com.google.android.gms:play-services-auth:21.0.0] AndroidManifest.xml:35:13-36
155            android:permission="com.google.android.gms.auth.api.signin.permission.REVOCATION_NOTIFICATION"
155-->[com.google.android.gms:play-services-auth:21.0.0] AndroidManifest.xml:36:13-107
156            android:visibleToInstantApps="true" />
156-->[com.google.android.gms:play-services-auth:21.0.0] AndroidManifest.xml:37:13-48
157
158        <activity
158-->[com.google.firebase:firebase-auth:22.3.1] AndroidManifest.xml:29:9-46:20
159            android:name="com.google.firebase.auth.internal.GenericIdpActivity"
159-->[com.google.firebase:firebase-auth:22.3.1] AndroidManifest.xml:30:13-80
160            android:excludeFromRecents="true"
160-->[com.google.firebase:firebase-auth:22.3.1] AndroidManifest.xml:31:13-46
161            android:exported="true"
161-->[com.google.firebase:firebase-auth:22.3.1] AndroidManifest.xml:32:13-36
162            android:launchMode="singleTask"
162-->[com.google.firebase:firebase-auth:22.3.1] AndroidManifest.xml:33:13-44
163            android:theme="@android:style/Theme.Translucent.NoTitleBar" >
163-->[com.google.firebase:firebase-auth:22.3.1] AndroidManifest.xml:34:13-72
164            <intent-filter>
164-->[com.google.firebase:firebase-auth:22.3.1] AndroidManifest.xml:35:13-45:29
165                <action android:name="android.intent.action.VIEW" />
165-->src\main\AndroidManifest.xml:53:17-68
165-->src\main\AndroidManifest.xml:53:25-66
166
167                <category android:name="android.intent.category.DEFAULT" />
167-->src\main\AndroidManifest.xml:54:17-75
167-->src\main\AndroidManifest.xml:54:27-73
168                <category android:name="android.intent.category.BROWSABLE" />
168-->src\main\AndroidManifest.xml:55:17-77
168-->src\main\AndroidManifest.xml:55:27-75
169
170                <data
170-->src\main\AndroidManifest.xml:56:17-79
171                    android:host="firebase.auth"
172                    android:path="/"
173                    android:scheme="genericidp" />
173-->src\main\AndroidManifest.xml:56:23-77
174            </intent-filter>
175        </activity>
176        <activity
176-->[com.google.firebase:firebase-auth:22.3.1] AndroidManifest.xml:47:9-64:20
177            android:name="com.google.firebase.auth.internal.RecaptchaActivity"
177-->[com.google.firebase:firebase-auth:22.3.1] AndroidManifest.xml:48:13-79
178            android:excludeFromRecents="true"
178-->[com.google.firebase:firebase-auth:22.3.1] AndroidManifest.xml:49:13-46
179            android:exported="true"
179-->[com.google.firebase:firebase-auth:22.3.1] AndroidManifest.xml:50:13-36
180            android:launchMode="singleTask"
180-->[com.google.firebase:firebase-auth:22.3.1] AndroidManifest.xml:51:13-44
181            android:theme="@android:style/Theme.Translucent.NoTitleBar" >
181-->[com.google.firebase:firebase-auth:22.3.1] AndroidManifest.xml:52:13-72
182            <intent-filter>
182-->[com.google.firebase:firebase-auth:22.3.1] AndroidManifest.xml:53:13-63:29
183                <action android:name="android.intent.action.VIEW" />
183-->src\main\AndroidManifest.xml:53:17-68
183-->src\main\AndroidManifest.xml:53:25-66
184
185                <category android:name="android.intent.category.DEFAULT" />
185-->src\main\AndroidManifest.xml:54:17-75
185-->src\main\AndroidManifest.xml:54:27-73
186                <category android:name="android.intent.category.BROWSABLE" />
186-->src\main\AndroidManifest.xml:55:17-77
186-->src\main\AndroidManifest.xml:55:27-75
187
188                <data
188-->src\main\AndroidManifest.xml:56:17-79
189                    android:host="firebase.auth"
190                    android:path="/"
191                    android:scheme="recaptcha" />
191-->src\main\AndroidManifest.xml:56:23-77
192            </intent-filter>
193        </activity>
194
195        <service
195-->[com.google.firebase:firebase-auth:22.3.1] AndroidManifest.xml:66:9-72:19
196            android:name="com.google.firebase.components.ComponentDiscoveryService"
196-->[com.google.firebase:firebase-auth:22.3.1] AndroidManifest.xml:67:13-84
197            android:directBootAware="true"
197-->[com.google.firebase:firebase-common:20.4.2] AndroidManifest.xml:32:13-43
198            android:exported="false" >
198-->[com.google.firebase:firebase-auth:22.3.1] AndroidManifest.xml:68:13-37
199            <meta-data
199-->[com.google.firebase:firebase-auth:22.3.1] AndroidManifest.xml:69:13-71:85
200                android:name="com.google.firebase.components:com.google.firebase.auth.FirebaseAuthRegistrar"
200-->[com.google.firebase:firebase-auth:22.3.1] AndroidManifest.xml:70:17-109
201                android:value="com.google.firebase.components.ComponentRegistrar" />
201-->[com.google.firebase:firebase-auth:22.3.1] AndroidManifest.xml:71:17-82
202            <meta-data
202-->[com.google.firebase:firebase-firestore:24.10.2] AndroidManifest.xml:17:13-19:85
203                android:name="com.google.firebase.components:com.google.firebase.firestore.FirebaseFirestoreKtxRegistrar"
203-->[com.google.firebase:firebase-firestore:24.10.2] AndroidManifest.xml:18:17-122
204                android:value="com.google.firebase.components.ComponentRegistrar" />
204-->[com.google.firebase:firebase-firestore:24.10.2] AndroidManifest.xml:19:17-82
205            <meta-data
205-->[com.google.firebase:firebase-firestore:24.10.2] AndroidManifest.xml:20:13-22:85
206                android:name="com.google.firebase.components:com.google.firebase.firestore.FirestoreRegistrar"
206-->[com.google.firebase:firebase-firestore:24.10.2] AndroidManifest.xml:21:17-111
207                android:value="com.google.firebase.components.ComponentRegistrar" />
207-->[com.google.firebase:firebase-firestore:24.10.2] AndroidManifest.xml:22:17-82
208            <meta-data
208-->[com.google.firebase:firebase-common-ktx:20.4.2] AndroidManifest.xml:12:13-14:85
209                android:name="com.google.firebase.components:com.google.firebase.ktx.FirebaseCommonLegacyRegistrar"
209-->[com.google.firebase:firebase-common-ktx:20.4.2] AndroidManifest.xml:13:17-116
210                android:value="com.google.firebase.components.ComponentRegistrar" />
210-->[com.google.firebase:firebase-common-ktx:20.4.2] AndroidManifest.xml:14:17-82
211            <meta-data
211-->[com.google.firebase:firebase-common:20.4.2] AndroidManifest.xml:35:13-37:85
212                android:name="com.google.firebase.components:com.google.firebase.FirebaseCommonKtxRegistrar"
212-->[com.google.firebase:firebase-common:20.4.2] AndroidManifest.xml:36:17-109
213                android:value="com.google.firebase.components.ComponentRegistrar" />
213-->[com.google.firebase:firebase-common:20.4.2] AndroidManifest.xml:37:17-82
214        </service>
215
216        <activity
216-->[com.google.android.gms:play-services-base:18.1.0] AndroidManifest.xml:20:9-22:45
217            android:name="com.google.android.gms.common.api.GoogleApiActivity"
217-->[com.google.android.gms:play-services-base:18.1.0] AndroidManifest.xml:20:19-85
218            android:exported="false"
218-->[com.google.android.gms:play-services-base:18.1.0] AndroidManifest.xml:22:19-43
219            android:theme="@android:style/Theme.Translucent.NoTitleBar" />
219-->[com.google.android.gms:play-services-base:18.1.0] AndroidManifest.xml:21:19-78
220
221        <provider
221-->[com.google.firebase:firebase-common:20.4.2] AndroidManifest.xml:23:9-28:39
222            android:name="com.google.firebase.provider.FirebaseInitProvider"
222-->[com.google.firebase:firebase-common:20.4.2] AndroidManifest.xml:24:13-77
223            android:authorities="com.example.byway.firebaseinitprovider"
223-->[com.google.firebase:firebase-common:20.4.2] AndroidManifest.xml:25:13-72
224            android:directBootAware="true"
224-->[com.google.firebase:firebase-common:20.4.2] AndroidManifest.xml:26:13-43
225            android:exported="false"
225-->[com.google.firebase:firebase-common:20.4.2] AndroidManifest.xml:27:13-37
226            android:initOrder="100" />
226-->[com.google.firebase:firebase-common:20.4.2] AndroidManifest.xml:28:13-36
227        <provider
227-->[androidx.emoji2:emoji2:1.3.0] AndroidManifest.xml:24:9-32:20
228            android:name="androidx.startup.InitializationProvider"
228-->[androidx.emoji2:emoji2:1.3.0] AndroidManifest.xml:25:13-67
229            android:authorities="com.example.byway.androidx-startup"
229-->[androidx.emoji2:emoji2:1.3.0] AndroidManifest.xml:26:13-68
230            android:exported="false" >
230-->[androidx.emoji2:emoji2:1.3.0] AndroidManifest.xml:27:13-37
231            <meta-data
231-->[androidx.emoji2:emoji2:1.3.0] AndroidManifest.xml:29:13-31:52
232                android:name="androidx.emoji2.text.EmojiCompatInitializer"
232-->[androidx.emoji2:emoji2:1.3.0] AndroidManifest.xml:30:17-75
233                android:value="androidx.startup" />
233-->[androidx.emoji2:emoji2:1.3.0] AndroidManifest.xml:31:17-49
234            <meta-data
234-->[androidx.lifecycle:lifecycle-process:2.6.2] AndroidManifest.xml:29:13-31:52
235                android:name="androidx.lifecycle.ProcessLifecycleInitializer"
235-->[androidx.lifecycle:lifecycle-process:2.6.2] AndroidManifest.xml:30:17-78
236                android:value="androidx.startup" />
236-->[androidx.lifecycle:lifecycle-process:2.6.2] AndroidManifest.xml:31:17-49
237            <meta-data
237-->[androidx.profileinstaller:profileinstaller:1.4.0] AndroidManifest.xml:29:13-31:52
238                android:name="androidx.profileinstaller.ProfileInstallerInitializer"
238-->[androidx.profileinstaller:profileinstaller:1.4.0] AndroidManifest.xml:30:17-85
239                android:value="androidx.startup" />
239-->[androidx.profileinstaller:profileinstaller:1.4.0] AndroidManifest.xml:31:17-49
240        </provider>
241
242        <meta-data
242-->[com.google.android.gms:play-services-basement:18.2.0] AndroidManifest.xml:21:9-23:69
243            android:name="com.google.android.gms.version"
243-->[com.google.android.gms:play-services-basement:18.2.0] AndroidManifest.xml:22:13-58
244            android:value="@integer/google_play_services_version" />
244-->[com.google.android.gms:play-services-basement:18.2.0] AndroidManifest.xml:23:13-66
245
246        <receiver
246-->[androidx.profileinstaller:profileinstaller:1.4.0] AndroidManifest.xml:34:9-52:20
247            android:name="androidx.profileinstaller.ProfileInstallReceiver"
247-->[androidx.profileinstaller:profileinstaller:1.4.0] AndroidManifest.xml:35:13-76
248            android:directBootAware="false"
248-->[androidx.profileinstaller:profileinstaller:1.4.0] AndroidManifest.xml:36:13-44
249            android:enabled="true"
249-->[androidx.profileinstaller:profileinstaller:1.4.0] AndroidManifest.xml:37:13-35
250            android:exported="true"
250-->[androidx.profileinstaller:profileinstaller:1.4.0] AndroidManifest.xml:38:13-36
251            android:permission="android.permission.DUMP" >
251-->[androidx.profileinstaller:profileinstaller:1.4.0] AndroidManifest.xml:39:13-57
252            <intent-filter>
252-->[androidx.profileinstaller:profileinstaller:1.4.0] AndroidManifest.xml:40:13-42:29
253                <action android:name="androidx.profileinstaller.action.INSTALL_PROFILE" />
253-->[androidx.profileinstaller:profileinstaller:1.4.0] AndroidManifest.xml:41:17-91
253-->[androidx.profileinstaller:profileinstaller:1.4.0] AndroidManifest.xml:41:25-88
254            </intent-filter>
255            <intent-filter>
255-->[androidx.profileinstaller:profileinstaller:1.4.0] AndroidManifest.xml:43:13-45:29
256                <action android:name="androidx.profileinstaller.action.SKIP_FILE" />
256-->[androidx.profileinstaller:profileinstaller:1.4.0] AndroidManifest.xml:44:17-85
256-->[androidx.profileinstaller:profileinstaller:1.4.0] AndroidManifest.xml:44:25-82
257            </intent-filter>
258            <intent-filter>
258-->[androidx.profileinstaller:profileinstaller:1.4.0] AndroidManifest.xml:46:13-48:29
259                <action android:name="androidx.profileinstaller.action.SAVE_PROFILE" />
259-->[androidx.profileinstaller:profileinstaller:1.4.0] AndroidManifest.xml:47:17-88
259-->[androidx.profileinstaller:profileinstaller:1.4.0] AndroidManifest.xml:47:25-85
260            </intent-filter>
261            <intent-filter>
261-->[androidx.profileinstaller:profileinstaller:1.4.0] AndroidManifest.xml:49:13-51:29
262                <action android:name="androidx.profileinstaller.action.BENCHMARK_OPERATION" />
262-->[androidx.profileinstaller:profileinstaller:1.4.0] AndroidManifest.xml:50:17-95
262-->[androidx.profileinstaller:profileinstaller:1.4.0] AndroidManifest.xml:50:25-92
263            </intent-filter>
264        </receiver>
265    </application>
266
267</manifest>